<?xml version="1.0" encoding="UTF-8" standalone="yes"?><!DOCTYPE report PUBLIC "-//JACOCO//DTD Report 1.0//EN" "report.dtd"><report name="MyATM"><sessioninfo id="MacBook-Air-1.local-4b22bafc" start="1418030911682" dump="1418030912548"/><sessioninfo id="MacBook-Air-1.local-162e59e0" start="1418030963299" dump="1418030964211"/><sessioninfo id="MacBook-Air-1.local-dcb8a7e8" start="1418032000697" dump="1418032001546"/><sessioninfo id="MacBook-Air-1.local-65964838" start="1418035835580" dump="1418035836456"/><sessioninfo id="MacBook-Air-1.local-521004d2" start="1418035928480" dump="1418035929542"/><sessioninfo id="MacBook-Air-1.local-d1dd0b83" start="1418035980648" dump="1418035981530"/><sessioninfo id="MacBook-Air-1.local-758c5fcd" start="1418036056530" dump="1418036057430"/><sessioninfo id="MacBook-Air-1.local-e2f28e8d" start="1418036126177" dump="1418036127039"/><sessioninfo id="MacBook-Air-1.local-8628ff04" start="1418036203831" dump="1418036205023"/><sessioninfo id="MacBook-Air-1.local-29ee38d5" start="1418036862953" dump="1418036863998"/><sessioninfo id="MacBook-Air-1.local-83d76673" start="1418036946422" dump="1418036947226"/><sessioninfo id="MacBook-Air-1.local-daf49497" start="1418037022997" dump="1418037023933"/><sessioninfo id="MacBook-Air-1.local-d0bc8010" start="1418037313418" dump="1418037314856"/><sessioninfo id="MacBook-Air-1.local-ed6beb47" start="1418071230185" dump="1418071231969"/><sessioninfo id="MacBook-Air-1.local-14841313" start="1418367776975" dump="1418367778598"/><sessioninfo id="MacBook-Air-1.local-c80fe272" start="1418391378124" dump="1418391379638"/><sessioninfo id="MacBook-Air-1.local-99e4592a" start="1418392327422" dump="1418392329160"/><sessioninfo id="MacBook-Air-1.local-f4e1546e" start="1418392625509" dump="1418392626929"/><sessioninfo id="MacBook-Air-1.local-3a851d79" start="1418392726041" dump="1418392727460"/><sessioninfo id="MacBook-Air-1.local-de4311a0" start="1418392784028" dump="1418392785553"/><sessioninfo id="MacBook-Air-1.local-7242a0e3" start="1418392817064" dump="1418392818489"/><sessioninfo id="MacBook-Air-1.local-939d5119" start="1418393025464" dump="1418393027094"/><sessioninfo id="MacBook-Air-1.local-64ebf397" start="1418393310818" dump="1418393312254"/><sessioninfo id="MacBook-Air-1.local-e34a42a7" start="1418393383330" dump="1418393384718"/><package name="ua/pti/myatm"><class name="ua/pti/myatm/MyATM"><method name="&lt;init&gt;" desc="()V" line="3"><counter type="INSTRUCTION" missed="3" covered="0"/><counter type="LINE" missed="1" covered="0"/><counter type="COMPLEXITY" missed="1" covered="0"/><counter type="METHOD" missed="1" covered="0"/></method><method name="main" desc="([Ljava/lang/String;)V" line="6"><counter type="INSTRUCTION" missed="19" covered="0"/><counter type="LINE" missed="4" covered="0"/><counter type="COMPLEXITY" missed="1" covered="0"/><counter type="METHOD" missed="1" covered="0"/></method><counter type="INSTRUCTION" missed="22" covered="0"/><counter type="LINE" missed="5" covered="0"/><counter type="COMPLEXITY" missed="2" covered="0"/><counter type="METHOD" missed="2" covered="0"/><counter type="CLASS" missed="1" covered="0"/></class><class name="ua/pti/myatm/ATM"><method name="denominationMoneyCount" desc="([Ljava/lang/Integer;)I" line="13"><counter type="INSTRUCTION" missed="0" covered="24"/><counter type="BRANCH" missed="0" covered="2"/><counter type="LINE" missed="0" covered="4"/><counter type="COMPLEXITY" missed="0" covered="2"/><counter type="METHOD" missed="0" covered="1"/></method><method name="&lt;init&gt;" desc="(I[Ljava/lang/Integer;)V" line="5"><counter type="INSTRUCTION" missed="7" covered="87"/><counter type="BRANCH" missed="1" covered="5"/><counter type="LINE" missed="2" covered="13"/><counter type="COMPLEXITY" missed="1" covered="3"/><counter type="METHOD" missed="0" covered="1"/></method><method name="getMoneyInATM" desc="()I" line="43"><counter type="INSTRUCTION" missed="0" covered="3"/><counter type="LINE" missed="0" covered="1"/><counter type="COMPLEXITY" missed="0" covered="1"/><counter type="METHOD" missed="0" covered="1"/></method><method name="validateCard" desc="(Lua/pti/myatm/Card;I)Z" line="50"><counter type="INSTRUCTION" missed="10" covered="11"/><counter type="BRANCH" missed="3" covered="1"/><counter type="LINE" missed="3" covered="3"/><counter type="COMPLEXITY" missed="2" covered="1"/><counter type="METHOD" missed="0" covered="1"/></method><method name="checkBalance" desc="()D" line="62"><counter type="INSTRUCTION" missed="15" covered="0"/><counter type="BRANCH" missed="2" covered="0"/><counter type="LINE" missed="4" covered="0"/><counter type="COMPLEXITY" missed="2" covered="0"/><counter type="METHOD" missed="1" covered="0"/></method><method name="getCash" desc="(I)D" line="76"><counter type="INSTRUCTION" missed="53" covered="0"/><counter type="BRANCH" missed="6" covered="0"/><counter type="LINE" missed="11" covered="0"/><counter type="COMPLEXITY" missed="4" covered="0"/><counter type="METHOD" missed="1" covered="0"/></method><counter type="INSTRUCTION" missed="85" covered="125"/><counter type="BRANCH" missed="12" covered="8"/><counter type="LINE" missed="20" covered="21"/><counter type="COMPLEXITY" missed="9" covered="7"/><counter type="METHOD" missed="2" covered="4"/><counter type="CLASS" missed="0" covered="1"/></class><sourcefile name="ATM.java"><line nr="5" mi="0" ci="40" mb="0" cb="0"/><line nr="13" mi="0" ci="2" mb="0" cb="0"/><line nr="14" mi="0" ci="8" mb="0" cb="2"/><line nr="15" mi="0" ci="12" mb="0" cb="0"/><line nr="17" mi="0" ci="2" mb="0" cb="0"/><line nr="21" mi="0" ci="2" mb="0" cb="0"/><line nr="22" mi="0" ci="2" mb="0" cb="2"/><line nr="23" mi="0" ci="3" mb="0" cb="0"/><line nr="24" mi="0" ci="4" mb="0" cb="0"/><line nr="26" mi="0" ci="5" mb="1" cb="1"/><line nr="27" mi="3" ci="0" mb="0" cb="0"/><line nr="28" mi="4" ci="0" mb="0" cb="0"/><line nr="31" mi="0" ci="3" mb="0" cb="0"/><line nr="32" mi="0" ci="3" mb="0" cb="0"/><line nr="33" mi="0" ci="3" mb="0" cb="0"/><line nr="34" mi="0" ci="5" mb="0" cb="0"/><line nr="35" mi="0" ci="8" mb="0" cb="2"/><line nr="36" mi="0" ci="8" mb="0" cb="0"/><line nr="39" mi="0" ci="1" mb="0" cb="0"/><line nr="43" mi="0" ci="3" mb="0" cb="0"/><line nr="50" mi="0" ci="3" mb="0" cb="0"/><line nr="51" mi="0" ci="5" mb="1" cb="1"/><line nr="52" mi="4" ci="0" mb="2" cb="0"/><line nr="53" mi="3" ci="0" mb="0" cb="0"/><line nr="54" mi="3" ci="0" mb="0" cb="0"/><line nr="57" mi="0" ci="3" mb="0" cb="0"/><line nr="62" mi="3" ci="0" mb="2" cb="0"/><line nr="63" mi="3" ci="0" mb="0" cb="0"/><line nr="64" mi="4" ci="0" mb="0" cb="0"/><line nr="66" mi="5" ci="0" mb="0" cb="0"/><line nr="76" mi="3" ci="0" mb="2" cb="0"/><line nr="77" mi="3" ci="0" mb="0" cb="0"/><line nr="78" mi="4" ci="0" mb="0" cb="0"/><line nr="80" mi="6" ci="0" mb="2" cb="0"/><line nr="81" mi="3" ci="0" mb="0" cb="0"/><line nr="82" mi="4" ci="0" mb="0" cb="0"/><line nr="84" mi="7" ci="0" mb="2" cb="0"/><line nr="85" mi="3" ci="0" mb="0" cb="0"/><line nr="86" mi="4" ci="0" mb="0" cb="0"/><line nr="88" mi="6" ci="0" mb="0" cb="0"/><line nr="89" mi="10" ci="0" mb="0" cb="0"/><counter type="INSTRUCTION" missed="85" covered="125"/><counter type="BRANCH" missed="12" covered="8"/><counter type="LINE" missed="20" covered="21"/><counter type="COMPLEXITY" missed="9" covered="7"/><counter type="METHOD" missed="2" covered="4"/><counter type="CLASS" missed="0" covered="1"/></sourcefile><sourcefile name="MyATM.java"><line nr="3" mi="3" ci="0" mb="0" cb="0"/><line nr="6" mi="2" ci="0" mb="0" cb="0"/><line nr="7" mi="12" ci="0" mb="0" cb="0"/><line nr="12" mi="4" ci="0" mb="0" cb="0"/><line nr="13" mi="1" ci="0" mb="0" cb="0"/><counter type="INSTRUCTION" missed="22" covered="0"/><counter type="LINE" missed="5" covered="0"/><counter type="COMPLEXITY" missed="2" covered="0"/><counter type="METHOD" missed="2" covered="0"/><counter type="CLASS" missed="1" covered="0"/></sourcefile><counter type="INSTRUCTION" missed="107" covered="125"/><counter type="BRANCH" missed="12" covered="8"/><counter type="LINE" missed="25" covered="21"/><counter type="COMPLEXITY" missed="11" covered="7"/><counter type="METHOD" missed="4" covered="4"/><counter type="CLASS" missed="1" covered="1"/></package><counter type="INSTRUCTION" missed="107" covered="125"/><counter type="BRANCH" missed="12" covered="8"/><counter type="LINE" missed="25" covered="21"/><counter type="COMPLEXITY" missed="11" covered="7"/><counter type="METHOD" missed="4" covered="4"/><counter type="CLASS" missed="1" covered="1"/></report>