<?xml version="1.0" encoding="UTF-8" ?>
<testsuite tests="21" failures="1" name="ua.pti.myatm.ATMTest" time="1.766" errors="0" skipped="0">
  <properties>
[...]
</properties>
  <testcase classname="ua.pti.myatm.ATMTest" name="testIsBlockedInCheckBalanceIfcardIsValidForUsing" time="1.184"/>
  <testcase classname="ua.pti.myatm.ATMTest" name="testCheckBalanceIfcardIsValidForUsing" time="0"/>
  <testcase classname="ua.pti.myatm.ATMTest" name="testGetMoneyInATM2Denominates500" time="0.001"/>
  <testcase classname="ua.pti.myatm.ATMTest" name="testCardInATMStart" time="0.004"/>
  <testcase classname="ua.pti.myatm.ATMTest" name="testWrongDenominatesValuesUnderZero" time="0.017">
    <failure message="Expected exception: ua.pti.exceptions.WrongMoneyAmountException" type="java.lang.AssertionError">java.lang.AssertionError: Expected exception: ua.pti.exceptions.WrongMoneyAmountException
	at org.junit.internal.runners.statements.ExpectException.evaluate(ExpectException.java:32)
	at org.junit.runners.ParentRunner.runLeaf(ParentRunner.java:271)
	at org.junit.runners.BlockJUnit4ClassRunner.runChild(BlockJUnit4ClassRunner.java:70)
	at org.junit.runners.BlockJUnit4ClassRunner.runChild(BlockJUnit4ClassRunner.java:50)
	at org.junit.runners.ParentRunner$3.run(ParentRunner.java:238)
	at org.junit.runners.ParentRunner$1.schedule(ParentRunner.java:63)
	at org.junit.runners.ParentRunner.runChildren(ParentRunner.java:236)
	at org.junit.runners.ParentRunner.access$000(ParentRunner.java:53)
	at org.junit.runners.ParentRunner$2.evaluate(ParentRunner.java:229)
	at org.junit.runners.ParentRunner.run(ParentRunner.java:309)
	at org.apache.maven.surefire.junit4.JUnit4TestSet.execute(JUnit4TestSet.java:53)
	at org.apache.maven.surefire.junit4.JUnit4Provider.executeTestSet(JUnit4Provider.java:123)
	at org.apache.maven.surefire.junit4.JUnit4Provider.invoke(JUnit4Provider.java:104)
	at sun.reflect.NativeMethodAccessorImpl.invoke0(Native Method)
	at sun.reflect.NativeMethodAccessorImpl.invoke(NativeMethodAccessorImpl.java:62)
	at sun.reflect.DelegatingMethodAccessorImpl.invoke(DelegatingMethodAccessorImpl.java:43)
	at java.lang.reflect.Method.invoke(Method.java:483)
	at org.apache.maven.surefire.util.ReflectionUtils.invokeMethodWithArray(ReflectionUtils.java:164)
	at org.apache.maven.surefire.booter.ProviderFactory$ProviderProxy.invoke(ProviderFactory.java:110)
	at org.apache.maven.surefire.booter.SurefireStarter.invokeProvider(SurefireStarter.java:175)
	at org.apache.maven.surefire.booter.SurefireStarter.runSuitesInProcessWhenForked(SurefireStarter.java:107)
	at org.apache.maven.surefire.booter.ForkedBooter.main(ForkedBooter.java:68)
</failure>
  </testcase>
  <testcase classname="ua.pti.myatm.ATMTest" name="testGetCashNotEnoughAmountOfDenominatesInATM" time="0.003"/>
  <testcase classname="ua.pti.myatm.ATMTest" name="testValidateCardWrongPin" time="0.01"/>
  <testcase classname="ua.pti.myatm.ATMTest" name="testGetCashWithAllRightValues" time="0.003"/>
  <testcase classname="ua.pti.myatm.ATMTest" name="testCheckBalanceifcardIsNotValidForUsing" time="0"/>
  <testcase classname="ua.pti.myatm.ATMTest" name="testValidateCardOrderMethods" time="0.037"/>
  <testcase classname="ua.pti.myatm.ATMTest" name="testGetCashAmountBiggerThanCheckBalance" time="0.002"/>
  <testcase classname="ua.pti.myatm.ATMTest" name="testGetCashCheckMoneyInATM" time="0.004"/>
  <testcase classname="ua.pti.myatm.ATMTest" name="testGetMoneyInATM9Denominates100" time="0.002"/>
  <testcase classname="ua.pti.myatm.ATMTest" name="testSetWrongMoneyAmountInAtmAndTryToGet" time="0.001"/>
  <testcase classname="ua.pti.myatm.ATMTest" name="testGetCashAmountBiggerThanMoneyInATM" time="0.003"/>
  <testcase classname="ua.pti.myatm.ATMTest" name="testValidateCardIsBlocked" time="0.001"/>
  <testcase classname="ua.pti.myatm.ATMTest" name="testDenominationRightReceive" time="0"/>
  <testcase classname="ua.pti.myatm.ATMTest" name="testCardIsValidForUsingStart" time="0"/>
  <testcase classname="ua.pti.myatm.ATMTest" name="testCheckPinInCheckBalanceIfcardIsValidForUsing" time="0.003"/>
  <testcase classname="ua.pti.myatm.ATMTest" name="testGetCashCardIsNotValidForUse" time="0.003"/>
  <testcase classname="ua.pti.myatm.ATMTest" name="testGetMoneyInATM0Denominates" time="0"/>
</testsuite>