<?xml version="1.0" encoding="UTF-8" ?>
<testsuite tests="18" failures="0" name="ua.pti.myatm.ATMTest" time="0.863" errors="0" skipped="0">
  <properties>
[...]
</properties>
  <testcase classname="ua.pti.myatm.ATMTest" name="testCheckBalanceIfcardIsValidForUsing" time="0.584"/>
  <testcase classname="ua.pti.myatm.ATMTest" name="testGetMoneyInATM2Denominates500" time="0"/>
  <testcase classname="ua.pti.myatm.ATMTest" name="testGetCashAmountDenominatesBiggerThanMoneyInATM" time="0.002"/>
  <testcase classname="ua.pti.myatm.ATMTest" name="testCardInATMStart" time="0.001"/>
  <testcase classname="ua.pti.myatm.ATMTest" name="testValidateCardWrongPin" time="0.001"/>
  <testcase classname="ua.pti.myatm.ATMTest" name="testGetCashWithAllRightValues" time="0.003"/>
  <testcase classname="ua.pti.myatm.ATMTest" name="testCheckBalanceifcardIsNotValidForUsing" time="0"/>
  <testcase classname="ua.pti.myatm.ATMTest" name="testValidateCardOrderMethods" time="0.046"/>
  <testcase classname="ua.pti.myatm.ATMTest" name="testGetCashAmountBiggerThanCheckBalance" time="0.002"/>
  <testcase classname="ua.pti.myatm.ATMTest" name="testGetMoneyInATM9Denominates100" time="0.001"/>
  <testcase classname="ua.pti.myatm.ATMTest" name="testSetWrongMoneyAmountInAtmAndTryToGet" time="0"/>
  <testcase classname="ua.pti.myatm.ATMTest" name="testGetCashAmountBiggerThanMoneyInATM" time="0.002"/>
  <testcase classname="ua.pti.myatm.ATMTest" name="testValidateCardIsBlocked" time="0.002"/>
  <testcase classname="ua.pti.myatm.ATMTest" name="testDenominationRightReceive" time="0"/>
  <testcase classname="ua.pti.myatm.ATMTest" name="testCardIsValidForUsingStart" time="0"/>
  <testcase classname="ua.pti.myatm.ATMTest" name="testCheckPinInCheckBalanceIfcardIsValidForUsing" time="0.005"/>
  <testcase classname="ua.pti.myatm.ATMTest" name="testGetCashCardIsNotValidForUse" time="0.002"/>
  <testcase classname="ua.pti.myatm.ATMTest" name="testGetMoneyInATM0Denominates" time="0"/>
</testsuite>